[Mon, 09 Apr 18 00:55:14 +0700][ERROR] [2]: EditController handler class cannot be loaded

[Mon, 09 Apr 18 00:57:33 +0700][ERROR] [2]: EditController handler class cannot be loaded

[Mon, 09 Apr 18 00:57:39 +0700][ERROR] [2]: EditController handler class cannot be loaded

[Mon, 09 Apr 18 00:57:59 +0700][ERROR] [2]: EditController handler class cannot be loaded

[Mon, 09 Apr 18 00:58:31 +0700][ERROR] [2]: EditController handler class cannot be loaded

[Mon, 09 Apr 18 01:13:01 +0700][ERROR] [2]: ImgController handler class cannot be loaded

[Mon, 09 Apr 18 01:13:26 +0700][ERROR] [2]: ImgController handler class cannot be loaded

[Mon, 09 Apr 18 01:13:28 +0700][ERROR] [2]: ImgController handler class cannot be loaded

[Mon, 09 Apr 18 01:34:23 +0700][ERROR] [2]: VendorController handler class cannot be loaded

[Mon, 09 Apr 18 01:34:41 +0700][ERROR] [2]: VendorController handler class cannot be loaded

[Mon, 09 Apr 18 01:37:47 +0700][ERROR] [2]: VendorController handler class cannot be loaded

[Mon, 09 Apr 18 01:37:47 +0700][ERROR] [2]: VendorController handler class cannot be loaded

[Mon, 09 Apr 18 01:38:03 +0700][ERROR] [2]: VendorController handler class cannot be loaded

[Mon, 09 Apr 18 01:38:57 +0700][ERROR] [2]: JsController handler class cannot be loaded

[Mon, 09 Apr 18 01:38:57 +0700][ERROR] [2]: JsController handler class cannot be loaded

[Mon, 09 Apr 18 01:42:14 +0700][ERROR] [2]: VendorController handler class cannot be loaded

[Mon, 09 Apr 18 01:42:14 +0700][ERROR] [2]: VendorController handler class cannot be loaded

[Mon, 09 Apr 18 01:42:15 +0700][ERROR] [2]: VendorController handler class cannot be loaded

[Mon, 09 Apr 18 01:42:15 +0700][ERROR] [2]: VendorController handler class cannot be loaded

[Mon, 09 Apr 18 01:42:17 +0700][ERROR] [2]: VendorController handler class cannot be loaded

[Mon, 09 Apr 18 01:42:17 +0700][ERROR] [2]: VendorController handler class cannot be loaded

[Mon, 09 Apr 18 13:21:38 +0700][ERROR] [2]: AppController handler class cannot be loaded

[Mon, 09 Apr 18 13:25:40 +0700][ERROR] [2]: CssController handler class cannot be loaded

[Mon, 09 Apr 18 13:25:41 +0700][ERROR] [2]: JsController handler class cannot be loaded

[Mon, 09 Apr 18 13:25:41 +0700][ERROR] [2]: CssController handler class cannot be loaded

[Mon, 09 Apr 18 13:25:41 +0700][ERROR] [2]: JsController handler class cannot be loaded

[Mon, 09 Apr 18 13:28:08 +0700][ERROR] [2]: CssController handler class cannot be loaded

[Mon, 09 Apr 18 13:28:08 +0700][ERROR] [2]: CssController handler class cannot be loaded

[Mon, 09 Apr 18 13:28:15 +0700][ERROR] [2]: CssController handler class cannot be loaded

[Mon, 09 Apr 18 13:38:51 +0700][ERROR] [2]: CssController handler class cannot be loaded

[Mon, 09 Apr 18 13:38:51 +0700][ERROR] [2]: JsController handler class cannot be loaded

[Mon, 09 Apr 18 13:38:51 +0700][ERROR] [2]: CssController handler class cannot be loaded

[Mon, 09 Apr 18 13:47:20 +0700][ERROR] [2]: CssController handler class cannot be loaded

[Mon, 09 Apr 18 13:47:20 +0700][ERROR] [2]: CssController handler class cannot be loaded

[Mon, 09 Apr 18 13:47:22 +0700][ERROR] [2]: CssController handler class cannot be loaded

[Mon, 09 Apr 18 13:49:42 +0700][ERROR] [2]: CssController handler class cannot be loaded

[Mon, 09 Apr 18 13:49:43 +0700][ERROR] [2]: JsController handler class cannot be loaded

[Mon, 09 Apr 18 13:49:43 +0700][ERROR] [2]: CssController handler class cannot be loaded

[Mon, 09 Apr 18 13:49:44 +0700][ERROR] [2]: CssController handler class cannot be loaded

[Mon, 09 Apr 18 13:49:44 +0700][ERROR] [2]: CssController handler class cannot be loaded

[Mon, 09 Apr 18 13:49:44 +0700][ERROR] [2]: CssController handler class cannot be loaded

[Mon, 09 Apr 18 13:49:52 +0700][ERROR] [2]: CssController handler class cannot be loaded

[Mon, 09 Apr 18 13:49:52 +0700][ERROR] [2]: CssController handler class cannot be loaded

[Mon, 09 Apr 18 13:49:53 +0700][ERROR] [2]: CssController handler class cannot be loaded

[Mon, 09 Apr 18 13:49:58 +0700][ERROR] [2]: CssController handler class cannot be loaded

[Mon, 09 Apr 18 13:49:58 +0700][ERROR] [2]: CssController handler class cannot be loaded

[Mon, 09 Apr 18 13:49:58 +0700][ERROR] [2]: CssController handler class cannot be loaded

[Mon, 09 Apr 18 13:49:59 +0700][ERROR] [2]: CssController handler class cannot be loaded

[Mon, 09 Apr 18 13:49:59 +0700][ERROR] [2]: CssController handler class cannot be loaded

[Mon, 09 Apr 18 13:49:59 +0700][ERROR] [2]: CssController handler class cannot be loaded

[Mon, 09 Apr 18 13:50:00 +0700][ERROR] [2]: CssController handler class cannot be loaded

[Mon, 09 Apr 18 13:50:00 +0700][ERROR] [2]: CssController handler class cannot be loaded

[Mon, 09 Apr 18 13:50:00 +0700][ERROR] [2]: CssController handler class cannot be loaded

[Mon, 09 Apr 18 13:50:02 +0700][ERROR] [2]: CssController handler class cannot be loaded

[Mon, 09 Apr 18 13:50:02 +0700][ERROR] [2]: CssController handler class cannot be loaded

[Mon, 09 Apr 18 13:50:02 +0700][ERROR] [2]: CssController handler class cannot be loaded

[Mon, 09 Apr 18 13:51:16 +0700][ERROR] [2]: CssController handler class cannot be loaded

[Mon, 09 Apr 18 13:51:17 +0700][ERROR] [2]: CssController handler class cannot be loaded

[Mon, 09 Apr 18 13:51:17 +0700][ERROR] [2]: CssController handler class cannot be loaded

[Mon, 09 Apr 18 13:53:01 +0700][ERROR] [2]: CssController handler class cannot be loaded

[Mon, 09 Apr 18 13:53:01 +0700][ERROR] [2]: CssController handler class cannot be loaded

[Mon, 09 Apr 18 13:53:01 +0700][ERROR] [2]: CssController handler class cannot be loaded

[Mon, 09 Apr 18 13:53:02 +0700][ERROR] [2]: CssController handler class cannot be loaded

[Mon, 09 Apr 18 13:53:02 +0700][ERROR] [2]: CssController handler class cannot be loaded

[Mon, 09 Apr 18 13:53:02 +0700][ERROR] [2]: CssController handler class cannot be loaded

[Mon, 09 Apr 18 13:53:56 +0700][ERROR] [2]: CssController handler class cannot be loaded

[Mon, 09 Apr 18 13:53:56 +0700][ERROR] [2]: CssController handler class cannot be loaded

[Mon, 09 Apr 18 13:53:56 +0700][ERROR] [2]: CssController handler class cannot be loaded

[Mon, 09 Apr 18 13:57:45 +0700][ERROR] [2]: CssController handler class cannot be loaded

[Mon, 09 Apr 18 13:57:45 +0700][ERROR] [2]: CssController handler class cannot be loaded

[Mon, 09 Apr 18 13:57:45 +0700][ERROR] [2]: CssController handler class cannot be loaded

[Mon, 09 Apr 18 13:58:44 +0700][ERROR] [2]: CssController handler class cannot be loaded

[Mon, 09 Apr 18 13:58:44 +0700][ERROR] [2]: CssController handler class cannot be loaded

[Mon, 09 Apr 18 13:58:44 +0700][ERROR] [2]: CssController handler class cannot be loaded

[Mon, 09 Apr 18 14:00:59 +0700][ERROR] [2]: CssController handler class cannot be loaded

[Mon, 09 Apr 18 14:00:59 +0700][ERROR] [2]: CssController handler class cannot be loaded

[Mon, 09 Apr 18 14:00:59 +0700][ERROR] [2]: CssController handler class cannot be loaded

[Mon, 09 Apr 18 14:01:23 +0700][ERROR] [2]: CssController handler class cannot be loaded

[Mon, 09 Apr 18 14:01:23 +0700][ERROR] [2]: CssController handler class cannot be loaded

[Mon, 09 Apr 18 14:01:23 +0700][ERROR] [2]: CssController handler class cannot be loaded

[Mon, 09 Apr 18 14:02:38 +0700][ERROR] [2]: CssController handler class cannot be loaded

[Mon, 09 Apr 18 14:02:38 +0700][ERROR] [2]: CssController handler class cannot be loaded

[Mon, 09 Apr 18 14:02:38 +0700][ERROR] [2]: CssController handler class cannot be loaded

[Mon, 09 Apr 18 14:03:35 +0700][ERROR] [2]: CssController handler class cannot be loaded

[Mon, 09 Apr 18 14:03:35 +0700][ERROR] [2]: CssController handler class cannot be loaded

[Mon, 09 Apr 18 14:03:35 +0700][ERROR] [2]: CssController handler class cannot be loaded

[Mon, 09 Apr 18 14:03:53 +0700][ERROR] [2]: CssController handler class cannot be loaded

[Mon, 09 Apr 18 14:03:54 +0700][ERROR] [2]: CssController handler class cannot be loaded

[Mon, 09 Apr 18 14:03:54 +0700][ERROR] [2]: CssController handler class cannot be loaded

[Mon, 09 Apr 18 14:04:48 +0700][ERROR] [2]: CssController handler class cannot be loaded

[Mon, 09 Apr 18 14:04:48 +0700][ERROR] [2]: CssController handler class cannot be loaded

[Mon, 09 Apr 18 14:04:48 +0700][ERROR] [2]: CssController handler class cannot be loaded

[Mon, 09 Apr 18 14:04:55 +0700][ERROR] [2]: JsController handler class cannot be loaded

[Mon, 09 Apr 18 14:04:55 +0700][ERROR] [2]: CssController handler class cannot be loaded

[Mon, 09 Apr 18 14:04:55 +0700][ERROR] [2]: JsController handler class cannot be loaded

[Mon, 09 Apr 18 14:05:57 +0700][ERROR] [2]: JsController handler class cannot be loaded

[Mon, 09 Apr 18 14:05:57 +0700][ERROR] [2]: CssController handler class cannot be loaded

[Mon, 09 Apr 18 14:05:57 +0700][ERROR] [2]: JsController handler class cannot be loaded

[Mon, 09 Apr 18 14:06:04 +0700][ERROR] [2]: JsController handler class cannot be loaded

[Mon, 09 Apr 18 14:06:04 +0700][ERROR] [2]: CssController handler class cannot be loaded

[Mon, 09 Apr 18 14:06:04 +0700][ERROR] [2]: JsController handler class cannot be loaded

[Mon, 09 Apr 18 14:08:45 +0700][ERROR] [2]: CssController handler class cannot be loaded

[Mon, 09 Apr 18 14:08:45 +0700][ERROR] [2]: CssController handler class cannot be loaded

[Mon, 09 Apr 18 14:08:45 +0700][ERROR] [2]: CssController handler class cannot be loaded

[Mon, 09 Apr 18 14:12:16 +0700][ERROR] [2]: CssController handler class cannot be loaded

[Mon, 09 Apr 18 14:12:16 +0700][ERROR] [2]: CssController handler class cannot be loaded

[Mon, 09 Apr 18 14:12:16 +0700][ERROR] [2]: CssController handler class cannot be loaded

[Mon, 09 Apr 18 14:12:50 +0700][ERROR] [2]: CssController handler class cannot be loaded

[Mon, 09 Apr 18 14:12:50 +0700][ERROR] [2]: CssController handler class cannot be loaded

[Mon, 09 Apr 18 14:12:50 +0700][ERROR] [2]: CssController handler class cannot be loaded

[Mon, 09 Apr 18 14:14:28 +0700][ERROR] [2]: CssController handler class cannot be loaded

[Mon, 09 Apr 18 14:14:28 +0700][ERROR] [2]: CssController handler class cannot be loaded

[Mon, 09 Apr 18 14:14:28 +0700][ERROR] [2]: CssController handler class cannot be loaded

[Mon, 09 Apr 18 14:14:41 +0700][ERROR] [2]: CssController handler class cannot be loaded

[Mon, 09 Apr 18 14:14:41 +0700][ERROR] [2]: CssController handler class cannot be loaded

[Mon, 09 Apr 18 14:14:41 +0700][ERROR] [2]: CssController handler class cannot be loaded

[Mon, 09 Apr 18 14:14:55 +0700][ERROR] [2]: JsController handler class cannot be loaded


[Mon, 09 Apr 18 14:14:56 +0700][ERROR] [2]: CssController handler class cannot be loaded

[Mon, 09 Apr 18 14:14:56 +0700][ERROR] [2]: CssController handler class cannot be loaded

[Mon, 09 Apr 18 14:18:14 +0700][ERROR] [2]: CssController handler class cannot be loaded

[Mon, 09 Apr 18 14:18:14 +0700][ERROR] [2]: CssController handler class cannot be loaded

[Mon, 09 Apr 18 14:18:14 +0700][ERROR] [2]: CssController handler class cannot be loaded

[Mon, 09 Apr 18 14:19:39 +0700][ERROR] [2]: CssController handler class cannot be loaded

[Mon, 09 Apr 18 14:19:39 +0700][ERROR] [2]: CssController handler class cannot be loaded

[Mon, 09 Apr 18 14:19:39 +0700][ERROR] [2]: CssController handler class cannot be loaded

[Mon, 09 Apr 18 14:19:46 +0700][ERROR] [2]: JsController handler class cannot be loaded

[Mon, 09 Apr 18 14:19:46 +0700][ERROR] [2]: CssController handler class cannot be loaded

[Mon, 09 Apr 18 14:19:46 +0700][ERROR] [2]: JsController handler class cannot be loaded

[Mon, 09 Apr 18 14:21:15 +0700][ERROR] [2]: JsController handler class cannot be loaded

[Mon, 09 Apr 18 14:21:15 +0700][ERROR] [2]: CssController handler class cannot be loaded

[Mon, 09 Apr 18 14:21:15 +0700][ERROR] [2]: JsController handler class cannot be loaded

[Mon, 09 Apr 18 14:22:44 +0700][ERROR] [2]: JsController handler class cannot be loaded

[Mon, 09 Apr 18 14:22:44 +0700][ERROR] [2]: CssController handler class cannot be loaded

[Mon, 09 Apr 18 14:22:44 +0700][ERROR] [2]: JsController handler class cannot be loaded

[Mon, 09 Apr 18 14:27:23 +0700][ERROR] [2]: CssController handler class cannot be loaded

[Mon, 09 Apr 18 14:27:23 +0700][ERROR] [2]: CssController handler class cannot be loaded

[Mon, 09 Apr 18 14:27:23 +0700][ERROR] [2]: CssController handler class cannot be loaded

[Mon, 09 Apr 18 14:28:09 +0700][ERROR] [2]: CssController handler class cannot be loaded

[Mon, 09 Apr 18 14:28:09 +0700][ERROR] [2]: CssController handler class cannot be loaded

[Mon, 09 Apr 18 14:28:09 +0700][ERROR] [2]: CssController handler class cannot be loaded

[Mon, 09 Apr 18 14:29:04 +0700][ERROR] [2]: CssController handler class cannot be loaded

[Mon, 09 Apr 18 14:29:04 +0700][ERROR] [2]: CssController handler class cannot be loaded

[Mon, 09 Apr 18 14:29:04 +0700][ERROR] [2]: CssController handler class cannot be loaded

[Mon, 09 Apr 18 14:29:58 +0700][ERROR] [2]: CssController handler class cannot be loaded

[Mon, 09 Apr 18 14:29:58 +0700][ERROR] [2]: CssController handler class cannot be loaded

[Mon, 09 Apr 18 14:29:58 +0700][ERROR] [2]: CssController handler class cannot be loaded

[Mon, 09 Apr 18 14:30:31 +0700][ERROR] [2]: CssController handler class cannot be loaded

[Mon, 09 Apr 18 14:30:31 +0700][ERROR] [2]: CssController handler class cannot be loaded

[Mon, 09 Apr 18 14:30:31 +0700][ERROR] [2]: CssController handler class cannot be loaded

[Mon, 09 Apr 18 14:31:42 +0700][ERROR] [2]: CssController handler class cannot be loaded

[Mon, 09 Apr 18 14:31:42 +0700][ERROR] [2]: CssController handler class cannot be loaded

[Mon, 09 Apr 18 14:31:42 +0700][ERROR] [2]: CssController handler class cannot be loaded

[Mon, 09 Apr 18 14:32:47 +0700][ERROR] [2]: CssController handler class cannot be loaded

[Mon, 09 Apr 18 14:32:47 +0700][ERROR] [2]: CssController handler class cannot be loaded

[Mon, 09 Apr 18 14:32:47 +0700][ERROR] [2]: CssController handler class cannot be loaded

[Mon, 09 Apr 18 14:33:37 +0700][ERROR] [2]: CssController handler class cannot be loaded

[Mon, 09 Apr 18 14:33:37 +0700][ERROR] [2]: CssController handler class cannot be loaded

[Mon, 09 Apr 18 14:33:37 +0700][ERROR] [2]: CssController handler class cannot be loaded

[Mon, 09 Apr 18 14:34:06 +0700][ERROR] [2]: JsController handler class cannot be loaded

[Mon, 09 Apr 18 14:34:06 +0700][ERROR] [2]: CssController handler class cannot be loaded

[Mon, 09 Apr 18 14:34:06 +0700][ERROR] [2]: JsController handler class cannot be loaded

[Mon, 09 Apr 18 14:34:27 +0700][ERROR] [2]: CssController handler class cannot be loaded

[Mon, 09 Apr 18 14:34:27 +0700][ERROR] [2]: CssController handler class cannot be loaded

[Mon, 09 Apr 18 14:34:27 +0700][ERROR] [2]: CssController handler class cannot be loaded

[Mon, 09 Apr 18 14:35:31 +0700][ERROR] [2]: CssController handler class cannot be loaded

[Mon, 09 Apr 18 14:35:31 +0700][ERROR] [2]: CssController handler class cannot be loaded

[Mon, 09 Apr 18 14:35:31 +0700][ERROR] [2]: CssController handler class cannot be loaded

[Mon, 09 Apr 18 14:36:17 +0700][ERROR] [2]: JsController handler class cannot be loaded

[Mon, 09 Apr 18 14:36:17 +0700][ERROR] [2]: CssController handler class cannot be loaded

[Mon, 09 Apr 18 14:36:17 +0700][ERROR] [2]: JsController handler class cannot be loaded

[Mon, 09 Apr 18 14:36:29 +0700][ERROR] [2]: JsController handler class cannot be loaded

[Mon, 09 Apr 18 14:36:29 +0700][ERROR] [2]: CssController handler class cannot be loaded

[Mon, 09 Apr 18 14:36:29 +0700][ERROR] [2]: JsController handler class cannot be loaded

[Mon, 09 Apr 18 14:36:47 +0700][ERROR] [2]: JsController handler class cannot be loaded

[Mon, 09 Apr 18 14:36:47 +0700][ERROR] [2]: CssController handler class cannot be loaded

[Mon, 09 Apr 18 14:36:47 +0700][ERROR] [2]: JsController handler class cannot be loaded

[Mon, 09 Apr 18 14:36:56 +0700][ERROR] [2]: CssController handler class cannot be loaded

[Mon, 09 Apr 18 14:36:56 +0700][ERROR] [2]: CssController handler class cannot be loaded

[Mon, 09 Apr 18 14:36:56 +0700][ERROR] [2]: CssController handler class cannot be loaded

[Mon, 09 Apr 18 14:37:02 +0700][ERROR] [2]: ImgController handler class cannot be loaded

[Mon, 09 Apr 18 14:37:09 +0700][ERROR] [2]: CssController handler class cannot be loaded

[Mon, 09 Apr 18 14:37:09 +0700][ERROR] [2]: CssController handler class cannot be loaded

[Mon, 09 Apr 18 14:37:09 +0700][ERROR] [2]: CssController handler class cannot be loaded

[Mon, 09 Apr 18 14:38:27 +0700][ERROR] [2]: CssController handler class cannot be loaded

[Mon, 09 Apr 18 14:38:27 +0700][ERROR] [2]: CssController handler class cannot be loaded

[Mon, 09 Apr 18 14:38:36 +0700][ERROR] [2]: JsController handler class cannot be loaded

[Mon, 09 Apr 18 14:38:36 +0700][ERROR] [2]: CssController handler class cannot be loaded

[Mon, 09 Apr 18 14:38:36 +0700][ERROR] [2]: JsController handler class cannot be loaded

[Mon, 09 Apr 18 14:42:06 +0700][ERROR] [2]: JsController handler class cannot be loaded

[Mon, 09 Apr 18 14:42:06 +0700][ERROR] [2]: CssController handler class cannot be loaded

[Mon, 09 Apr 18 14:42:06 +0700][ERROR] [2]: JsController handler class cannot be loaded

[Mon, 09 Apr 18 14:42:07 +0700][ERROR] [2]: CssController handler class cannot be loaded

[Mon, 09 Apr 18 14:42:07 +0700][ERROR] [2]: CssController handler class cannot be loaded

[Mon, 09 Apr 18 14:42:07 +0700][ERROR] [2]: CssController handler class cannot be loaded

[Mon, 09 Apr 18 14:43:10 +0700][ERROR] [2]: CssController handler class cannot be loaded

[Mon, 09 Apr 18 14:43:10 +0700][ERROR] [2]: CssController handler class cannot be loaded

[Mon, 09 Apr 18 14:43:10 +0700][ERROR] [2]: CssController handler class cannot be loaded

[Mon, 09 Apr 18 14:43:11 +0700][ERROR] [2]: CssController handler class cannot be loaded

[Mon, 09 Apr 18 14:43:11 +0700][ERROR] [2]: CssController handler class cannot be loaded

[Mon, 09 Apr 18 14:43:11 +0700][ERROR] [2]: CssController handler class cannot be loaded

[Mon, 09 Apr 18 14:44:32 +0700][ERROR] [2]: CssController handler class cannot be loaded

[Mon, 09 Apr 18 14:44:32 +0700][ERROR] [2]: CssController handler class cannot be loaded

[Mon, 09 Apr 18 14:44:32 +0700][ERROR] [2]: CssController handler class cannot be loaded

[Mon, 09 Apr 18 14:44:38 +0700][ERROR] [2]: JsController handler class cannot be loaded

[Mon, 09 Apr 18 14:44:38 +0700][ERROR] [2]: CssController handler class cannot be loaded

[Mon, 09 Apr 18 14:44:38 +0700][ERROR] [2]: JsController handler class cannot be loaded

[Mon, 09 Apr 18 14:45:04 +0700][ERROR] [2]: JsController handler class cannot be loaded

[Mon, 09 Apr 18 14:45:04 +0700][ERROR] [2]: CssController handler class cannot be loaded

[Mon, 09 Apr 18 14:45:04 +0700][ERROR] [2]: JsController handler class cannot be loaded

[Mon, 09 Apr 18 14:45:05 +0700][ERROR] [2]: CssController handler class cannot be loaded

[Mon, 09 Apr 18 14:45:05 +0700][ERROR] [2]: CssController handler class cannot be loaded

[Mon, 09 Apr 18 14:45:05 +0700][ERROR] [2]: CssController handler class cannot be loaded

[Mon, 09 Apr 18 14:47:23 +0700][ERROR] [2]: CssController handler class cannot be loaded

[Mon, 09 Apr 18 14:47:23 +0700][ERROR] [2]: CssController handler class cannot be loaded

[Mon, 09 Apr 18 14:47:23 +0700][ERROR] [2]: CssController handler class cannot be loaded

[Mon, 09 Apr 18 14:47:23 +0700][ERROR] [2]: CssController handler class cannot be loaded

[Mon, 09 Apr 18 14:47:23 +0700][ERROR] [2]: CssController handler class cannot be loaded

[Mon, 09 Apr 18 14:47:23 +0700][ERROR] [2]: JsController handler class cannot be loaded

[Mon, 09 Apr 18 14:47:23 +0700][ERROR] [2]: CssController handler class cannot be loaded

[Mon, 09 Apr 18 14:47:23 +0700][ERROR] [2]: CssController handler class cannot be loaded

[Mon, 09 Apr 18 14:47:23 +0700][ERROR] [2]: JsController handler class cannot be loaded

[Mon, 09 Apr 18 14:47:23 +0700][ERROR] [2]: CssController handler class cannot be loaded

[Mon, 09 Apr 18 14:47:32 +0700][ERROR] [2]: CssController handler class cannot be loaded

[Mon, 09 Apr 18 14:47:32 +0700][ERROR] [2]: CssController handler class cannot be loaded

[Mon, 09 Apr 18 14:47:33 +0700][ERROR] [2]: CssController handler class cannot be loaded

[Mon, 09 Apr 18 14:47:33 +0700][ERROR] [2]: CssController handler class cannot be loaded

[Mon, 09 Apr 18 14:47:33 +0700][ERROR] [2]: CssController handler class cannot be loaded

[Mon, 09 Apr 18 14:47:39 +0700][ERROR] [2]: JsController handler class cannot be loaded

[Mon, 09 Apr 18 14:47:39 +0700][ERROR] [2]: CssController handler class cannot be loaded

[Mon, 09 Apr 18 14:47:39 +0700][ERROR] [2]: CssController handler class cannot be loaded

[Mon, 09 Apr 18 14:47:39 +0700][ERROR] [2]: JsController handler class cannot be loaded

[Mon, 09 Apr 18 14:47:39 +0700][ERROR] [2]: CssController handler class cannot be loaded

[Mon, 09 Apr 18 14:48:34 +0700][ERROR] [2]: JsController handler class cannot be loaded

[Mon, 09 Apr 18 14:48:34 +0700][ERROR] [2]: CssController handler class cannot be loaded

[Mon, 09 Apr 18 14:48:34 +0700][ERROR] [2]: JsController handler class cannot be loaded

[Mon, 09 Apr 18 14:48:34 +0700][ERROR] [2]: CssController handler class cannot be loaded

[Mon, 09 Apr 18 14:48:35 +0700][ERROR] [2]: JsController handler class cannot be loaded

[Mon, 09 Apr 18 14:48:35 +0700][ERROR] [2]: CssController handler class cannot be loaded

[Mon, 09 Apr 18 14:48:35 +0700][ERROR] [2]: CssController handler class cannot be loaded

[Mon, 09 Apr 18 14:48:35 +0700][ERROR] [2]: JsController handler class cannot be loaded

[Mon, 09 Apr 18 14:48:35 +0700][ERROR] [2]: CssController handler class cannot be loaded

